<?xml version="1.0" encoding="UTF-8"?>
<!-- Generated by org.testng.reporters.JUnitReportReporter -->
<testsuite name="testcases.TC_2" tests="1" time="11.488" ignored="0" failures="0" timestamp="03 Dec 2020 09:42:47 GMT" skipped="0" hostname="PC419689" errors="0">
  <testcase name="testcase1" time="11.488" classname="testcases.TC_2"/>
</testsuite> <!-- testcases.TC_2 -->
